#
# There is insufficient memory for the Java Runtime Environment to continue.
# Native memory allocation (mmap) failed to map 100663296 bytes for G1 virtual space
# Possible reasons:
#   The system is out of physical RAM or swap space
#   The process is running with CompressedOops enabled, and the Java Heap may be blocking the growth of the native heap
# Possible solutions:
#   Reduce memory load on the system
#   Increase physical memory or swap space
#   Check if swap backing store is full
#   Decrease Java heap size (-Xmx/-Xms)
#   Decrease number of Java threads
#   Decrease Java thread stack sizes (-Xss)
#   Set larger code cache with -XX:ReservedCodeCacheSize=
#   JVM is running with Unscaled Compressed Oops mode in which the Java heap is
#     placed in the first 4GB address space. The Java Heap base address is the
#     maximum limit for the native heap growth. Please use -XX:HeapBaseMinAddress
#     to set the Java Heap base and to place the Java Heap above 4GB virtual address.
# This output file may be truncated or incomplete.
#
#  Out of Memory Error (./open/src/hotspot/os/windows/os_windows.cpp:3472), pid=14180, tid=8876
#
# JRE version:  (15.0.1+9) (build )
# Java VM: OpenJDK 64-Bit Server VM (15.0.1+9-18, mixed mode, sharing, tiered, compressed oops, g1 gc, windows-amd64)
# No core dump will be written. Minidumps are not enabled by default on client versions of Windows
#

---------------  S U M M A R Y ------------

Command Line: --module-path=C:\Users\aibek\Documents\ְיבוך\Study\OOP Java\Homeworks\javafx-sdk-11.0.2\lib --add-modules=javafx.controls,javafx.fxml -Dfile.encoding=Cp1251 --module-path=C:\Users\aibek\Documents\ְיבוך\Study\OOP Java\Homeworks\postgresql-42.2.19.jar;C:\Users\aibek\Documents\ְיבוך\Study\OOP Java\Homeworks\javafx-sdk-11.0.2\lib\javafx.base.jar;C:\Users\aibek\Documents\ְיבוך\Study\OOP Java\Homeworks\javafx-sdk-11.0.2\lib\javafx.controls.jar;C:\Users\aibek\Documents\ְיבוך\Study\OOP Java\Homeworks\javafx-sdk-11.0.2\lib\javafx.fxml.jar;C:\Users\aibek\Documents\ְיבוך\Study\OOP Java\Homeworks\javafx-sdk-11.0.2\lib\javafx.graphics.jar;C:\Users\aibek\Documents\ְיבוך\Study\OOP Java\Homeworks\javafx-sdk-11.0.2\lib\javafx.media.jar;C:\Users\aibek\Documents\ְיבוך\Study\OOP Java\Homeworks\javafx-sdk-11.0.2\lib\javafx.swing.jar;C:\Users\aibek\Documents\ְיבוך\Study\OOP Java\Homeworks\javafx-sdk-11.0.2\lib\javafx.web.jar;C:\Users\aibek\Documents\ְיבוך\Study\OOP Java\Homeworks\javafx-sdk-11.0.2\lib\javafx-swt.jar -XX:+ShowCodeDetailsInExceptionMessages application.Main

Host: AMD Ryzen 7 3700U with Radeon Vega Mobile Gfx  , 8 cores, 5G,  Windows 10 , 64 bit Build 19041 (10.0.19041.804)
Time: Tue Mar  9 03:11:38 2021 ײוםענאכםא ְחט (חטלא) elapsed time: 0.016000 seconds (0d 0h 0m 0s)

---------------  T H R E A D  ---------------

Current thread (0x0000018a09823550):  JavaThread "Unknown thread" [_thread_in_vm, id=8876, stack(0x00000076ff500000,0x00000076ff600000)]

Stack: [0x00000076ff500000,0x00000076ff600000]
Native frames: (J=compiled Java code, j=interpreted, Vv=VM code, C=native code)
V  [jvm.dll+0x62ae9a]
V  [jvm.dll+0x781389]
V  [jvm.dll+0x782ae3]
V  [jvm.dll+0x783143]
V  [jvm.dll+0x216265]
V  [jvm.dll+0x6281d9]
V  [jvm.dll+0x61cd15]
V  [jvm.dll+0x2d01fd]
V  [jvm.dll+0x2d0062]
V  [jvm.dll+0x2d603c]
V  [jvm.dll+0x325b2a]
V  [jvm.dll+0x3251f4]
V  [jvm.dll+0x2a717a]
V  [jvm.dll+0x2a8318]
V  [jvm.dll+0x75e101]
V  [jvm.dll+0x3343e4]
V  [jvm.dll+0x73e826]
V  [jvm.dll+0x3b7777]
V  [jvm.dll+0x3b9201]
C  [jli.dll+0x52fb]
C  [ucrtbase.dll+0x21bb2]
C  [KERNEL32.DLL+0x17034]
C  [ntdll.dll+0x4d241]


---------------  P R O C E S S  ---------------

Threads class SMR info:
_java_thread_list=0x00007ffece724ff0, length=0, elements={
}

Java Threads: ( => current thread )

Other Threads:
  0x0000018a098569f0 GCTaskThread "GC Thread#0" [stack: 0x00000076ff600000,0x00000076ff700000] [id=9536]
  0x0000018a098642e0 ConcurrentGCThread "G1 Main Marker" [stack: 0x00000076ff700000,0x00000076ff800000] [id=8652]
  0x0000018a09866ef0 ConcurrentGCThread "G1 Conc#0" [stack: 0x00000076ff800000,0x00000076ff900000] [id=1512]

[error occurred during error reporting (printing all threads), id 0xc0000005, EXCEPTION_ACCESS_VIOLATION (0xc0000005) at pc=0x00007ffecdf18047]

VM state: not at safepoint (not fully initialized)

VM Mutex/Monitor currently owned by a thread:  ([mutex/lock_event])
[0x0000018a09820100] Heap_lock - owner thread: 0x0000018a09823550

Heap address: 0x00000000a0c00000, size: 1524 MB, Compressed Oops mode: 32-bit
CDS archive(s) mapped at: [0x0000000000000000-0x0000000000000000-0x0000000000000000), size 0, SharedBaseAddress: 0x0000000800000000, ArchiveRelocationMode: 0.
Narrow klass base: 0x0000000000000000, Narrow klass shift: 0, Narrow klass range: 0x0

Heap:
 garbage-first heap   total 98304K, used 0K [0x00000000a0c00000, 0x0000000100000000)
  region size 1024K, 0 young (0K), 0 survivors (0K)
 Metaspace       used 0K, capacity 0K, committed 0K, reserved 0K
  class space    used 0K, capacity 0K, committed 0K, reserved 0K

Heap Regions: E=young(eden), S=young(survivor), O=old, HS=humongous(starts), HC=humongous(continues), CS=collection set, F=free, OA=open archive, CA=closed archive, TAMS=top-at-mark-start (previous, next)

Card table byte_map: [0x0000018a1c870000,0x0000018a1cb70000] _byte_map_base: 0x0000018a1c36a000

Marking Bits (Prev, Next): (CMBitMap*) 0x0000018a09857260, (CMBitMap*) 0x0000018a098572a0
 Prev Bits: [0x0000018a1ce70000, 0x0000018a1e640000)
 Next Bits: [0x0000018a1e640000, 0x0000018a1fe10000)

GC Heap History (0 events):
No events

Deoptimization events (0 events):
No events

Classes unloaded (0 events):
No events

Classes redefined (0 events):
No events

Internal exceptions (0 events):
No events

Events (1 events):
Event: 0.007 Loaded shared library C:\Users\aibek\Downloads\eclipse\plugins\org.eclipse.justj.openjdk.hotspot.jre.full.win32.x86_64_15.0.1.v20201027-0507\jre\bin\java.dll


Dynamic libraries:
0x00007ff696990000 - 0x00007ff69699d000 	C:\Users\aibek\Downloads\eclipse\plugins\org.eclipse.justj.openjdk.hotspot.jre.full.win32.x86_64_15.0.1.v20201027-0507\jre\bin\javaw.exe
0x00007ffefcf90000 - 0x00007ffefd186000 	C:\Windows\SYSTEM32\ntdll.dll
0x00007ffefcde0000 - 0x00007ffefce9d000 	C:\Windows\System32\KERNEL32.DLL
0x00007ffefa8c0000 - 0x00007ffefab89000 	C:\Windows\System32\KERNELBASE.dll
0x00007ffefae20000 - 0x00007ffefaf20000 	C:\Windows\System32\ucrtbase.dll
0x00007ffef21c0000 - 0x00007ffef21d8000 	C:\Users\aibek\Downloads\eclipse\plugins\org.eclipse.justj.openjdk.hotspot.jre.full.win32.x86_64_15.0.1.v20201027-0507\jre\bin\jli.dll
0x00007ffef21a0000 - 0x00007ffef21b9000 	C:\Users\aibek\Downloads\eclipse\plugins\org.eclipse.justj.openjdk.hotspot.jre.full.win32.x86_64_15.0.1.v20201027-0507\jre\bin\VCRUNTIME140.dll
0x00007ffefc290000 - 0x00007ffefc430000 	C:\Windows\System32\USER32.dll
0x00007ffefafc0000 - 0x00007ffefafe2000 	C:\Windows\System32\win32u.dll
0x00007ffee79e0000 - 0x00007ffee7c7b000 	C:\Windows\WinSxS\amd64_microsoft.windows.common-controls_6595b64144ccf1df_6.0.19041.746_none_ca02b4b61b8320a4\COMCTL32.dll
0x00007ffefc040000 - 0x00007ffefc06a000 	C:\Windows\System32\GDI32.dll
0x00007ffefc090000 - 0x00007ffefc12e000 	C:\Windows\System32\msvcrt.dll
0x00007ffefa750000 - 0x00007ffefa85b000 	C:\Windows\System32\gdi32full.dll
0x00007ffefaf20000 - 0x00007ffefafbd000 	C:\Windows\System32\msvcp_win.dll
0x00007ffefb0c0000 - 0x00007ffefb0f0000 	C:\Windows\System32\IMM32.DLL
0x00007ffef60e0000 - 0x00007ffef60ec000 	C:\Users\aibek\Downloads\eclipse\plugins\org.eclipse.justj.openjdk.hotspot.jre.full.win32.x86_64_15.0.1.v20201027-0507\jre\bin\vcruntime140_1.dll
0x00007ffeea090000 - 0x00007ffeea121000 	C:\Users\aibek\Downloads\eclipse\plugins\org.eclipse.justj.openjdk.hotspot.jre.full.win32.x86_64_15.0.1.v20201027-0507\jre\bin\msvcp140.dll
0x00007ffecdc60000 - 0x00007ffece7be000 	C:\Users\aibek\Downloads\eclipse\plugins\org.eclipse.justj.openjdk.hotspot.jre.full.win32.x86_64_15.0.1.v20201027-0507\jre\bin\server\jvm.dll
0x00007ffefcea0000 - 0x00007ffefcf4c000 	C:\Windows\System32\ADVAPI32.dll
0x00007ffefcd40000 - 0x00007ffefcddc000 	C:\Windows\System32\sechost.dll
0x00007ffefbe30000 - 0x00007ffefbf5b000 	C:\Windows\System32\RPCRT4.dll
0x00007ffefc4c0000 - 0x00007ffefc4c8000 	C:\Windows\System32\PSAPI.DLL
0x00007ffef0a40000 - 0x00007ffef0a67000 	C:\Windows\SYSTEM32\WINMM.dll
0x00007ffee7010000 - 0x00007ffee7019000 	C:\Windows\SYSTEM32\WSOCK32.dll
0x00007ffef0a70000 - 0x00007ffef0a7a000 	C:\Windows\SYSTEM32\VERSION.dll
0x00007ffefc130000 - 0x00007ffefc19b000 	C:\Windows\System32\WS2_32.dll
0x00007ffef8540000 - 0x00007ffef8552000 	C:\Windows\SYSTEM32\kernel.appcore.dll
0x00007ffef7e20000 - 0x00007ffef7e2a000 	C:\Users\aibek\Downloads\eclipse\plugins\org.eclipse.justj.openjdk.hotspot.jre.full.win32.x86_64_15.0.1.v20201027-0507\jre\bin\jimage.dll
0x00007ffee6140000 - 0x00007ffee6324000 	C:\Windows\SYSTEM32\DBGHELP.DLL
0x00007ffee5ff0000 - 0x00007ffee601c000 	C:\Windows\SYSTEM32\dbgcore.DLL
0x00007ffefa6d0000 - 0x00007ffefa750000 	C:\Windows\System32\bcryptPrimitives.dll
0x00007ffef22f0000 - 0x00007ffef2315000 	C:\Users\aibek\Downloads\eclipse\plugins\org.eclipse.justj.openjdk.hotspot.jre.full.win32.x86_64_15.0.1.v20201027-0507\jre\bin\java.dll

dbghelp: loaded successfully - version: 4.0.5 - missing functions: none
symbol engine: initialized successfully - sym options: 0x614 - pdb path: .;C:\Users\aibek\Downloads\eclipse\plugins\org.eclipse.justj.openjdk.hotspot.jre.full.win32.x86_64_15.0.1.v20201027-0507\jre\bin;C:\Windows\SYSTEM32;C:\Windows\WinSxS\amd64_microsoft.windows.common-controls_6595b64144ccf1df_6.0.19041.746_none_ca02b4b61b8320a4;C:\Users\aibek\Downloads\eclipse\plugins\org.eclipse.justj.openjdk.hotspot.jre.full.win32.x86_64_15.0.1.v20201027-0507\jre\bin\server

VM Arguments:
jvm_args: --module-path=C:\Users\aibek\Documents\ְיבוך\Study\OOP Java\Homeworks\javafx-sdk-11.0.2\lib --add-modules=javafx.controls,javafx.fxml -Dfile.encoding=Cp1251 --module-path=C:\Users\aibek\Documents\ְיבוך\Study\OOP Java\Homeworks\postgresql-42.2.19.jar;C:\Users\aibek\Documents\ְיבוך\Study\OOP Java\Homeworks\javafx-sdk-11.0.2\lib\javafx.base.jar;C:\Users\aibek\Documents\ְיבוך\Study\OOP Java\Homeworks\javafx-sdk-11.0.2\lib\javafx.controls.jar;C:\Users\aibek\Documents\ְיבוך\Study\OOP Java\Homeworks\javafx-sdk-11.0.2\lib\javafx.fxml.jar;C:\Users\aibek\Documents\ְיבוך\Study\OOP Java\Homeworks\javafx-sdk-11.0.2\lib\javafx.graphics.jar;C:\Users\aibek\Documents\ְיבוך\Study\OOP Java\Homeworks\javafx-sdk-11.0.2\lib\javafx.media.jar;C:\Users\aibek\Documents\ְיבוך\Study\OOP Java\Homeworks\javafx-sdk-11.0.2\lib\javafx.swing.jar;C:\Users\aibek\Documents\ְיבוך\Study\OOP Java\Homeworks\javafx-sdk-11.0.2\lib\javafx.web.jar;C:\Users\aibek\Documents\ְיבוך\Study\OOP Java\Homeworks\javafx-sdk-11.0.2\lib\javafx-swt.jar -XX:+ShowCodeDetailsInExceptionMessages 
java_command: application.Main
java_class_path (initial): C:\Users\aibek\Documents\ְיבוך\Study\OOP Java\Homeworks\Endterm\bin
Launcher Type: SUN_STANDARD

[Global flags]
     intx CICompilerCount                          = 4                                         {product} {ergonomic}
     uint ConcGCThreads                            = 2                                         {product} {ergonomic}
     uint G1ConcRefinementThreads                  = 8                                         {product} {ergonomic}
   size_t G1HeapRegionSize                         = 1048576                                   {product} {ergonomic}
    uintx GCDrainStackTargetSize                   = 64                                        {product} {ergonomic}
   size_t InitialHeapSize                          = 100663296                                 {product} {ergonomic}
   size_t MarkStackSize                            = 4194304                                   {product} {ergonomic}
   size_t MaxHeapSize                              = 1598029824                                {product} {ergonomic}
   size_t MinHeapDeltaBytes                        = 1048576                                   {product} {ergonomic}
   size_t MinHeapSize                              = 8388608                                   {product} {ergonomic}
    uintx NonNMethodCodeHeapSize                   = 5839372                                {pd product} {ergonomic}
    uintx NonProfiledCodeHeapSize                  = 122909434                              {pd product} {ergonomic}
    uintx ProfiledCodeHeapSize                     = 122909434                              {pd product} {ergonomic}
    uintx ReservedCodeCacheSize                    = 251658240                              {pd product} {ergonomic}
     bool SegmentedCodeCache                       = true                                      {product} {ergonomic}
     bool ShowCodeDetailsInExceptionMessages       = true                                   {manageable} {command line}
   size_t SoftMaxHeapSize                          = 1598029824                             {manageable} {ergonomic}
     bool UseCompressedClassPointers               = true                                 {lp64_product} {ergonomic}
     bool UseCompressedOops                        = true                                 {lp64_product} {ergonomic}
     bool UseG1GC                                  = true                                      {product} {ergonomic}
     bool UseLargePagesIndividualAllocation        = false                                  {pd product} {ergonomic}

Logging:
Log output configuration:
 #0: stdout all=warning uptime,level,tags
 #1: stderr all=off uptime,level,tags

Environment Variables:
PATH=C:/Users/aibek/Downloads/eclipse//plugins/org.eclipse.justj.openjdk.hotspot.jre.full.win32.x86_64_15.0.1.v20201027-0507/jre/bin/server;C:/Users/aibek/Downloads/eclipse//plugins/org.eclipse.justj.openjdk.hotspot.jre.full.win32.x86_64_15.0.1.v20201027-0507/jre/bin;C:\Windows\system32;C:\Windows;C:\Windows\System32\Wbem;C:\Windows\System32\WindowsPowerShell\v1.0\;C:\Windows\System32\OpenSSH\;C:\Program Files\nodejs\;C:\Users\aibek\AppData\Local\Microsoft\WindowsApps;C:\Users\aibek\AppData\Roaming\npm;C:\Users\aibek\Downloads\eclipse;
USERNAME=aibek
OS=Windows_NT
PROCESSOR_IDENTIFIER=AMD64 Family 23 Model 24 Stepping 1, AuthenticAMD



---------------  S Y S T E M  ---------------

OS:
 Windows 10 , 64 bit Build 19041 (10.0.19041.804)
OS uptime: 0 days 4:38 hours

CPU: total 8 (initial active 8) (8 cores per cpu, 2 threads per core) family 23 model 24 stepping 1 microcode 0x0, cmov, cx8, fxsr, mmx, sse, sse2, sse3, ssse3, sse4.1, sse4.2, popcnt, vzeroupper, avx, avx2, aes, clmul, 3dnowpref, lzcnt, sse4a, ht, tsc, tscinvbit, tscinv, bmi1, bmi2, adx, sha, fma, clflush, clflushopt

Memory: 4k page, system-wide physical 6091M (629M free)
TotalPageFile size 11211M (AvailPageFile size 91M)
current process WorkingSet (physical memory assigned to process): 9M, peak: 9M
current process commit charge ("private bytes"): 59M, peak: 155M

vm_info: OpenJDK 64-Bit Server VM (15.0.1+9-18) for windows-amd64 JRE (15.0.1+9-18), built on Sep 15 2020 14:39:31 by "mach5one" with unknown MS VC++:1925

END.
